This is pdfTeX, Version 3.141592653-2.6-1.40.22 (TeX Live 2022/dev/Debian) (preloaded format=pdflatex 2024.3.14)  30 MAY 2024 22:51
entering extended mode
 restricted \write18 enabled.
 %&-line parsing enabled.
**Probability-All.tex
(./Probability-All.tex
LaTeX2e <2021-11-15> patch level 1
L3 programming layer <2022-01-21> (./templateAllNotes.tex
(/usr/share/texlive/texmf-dist/tex/latex/base/book.cls
Document Class: book 2021/10/04 v1.4n Standard LaTeX document class
(/usr/share/texlive/texmf-dist/tex/latex/base/bk12.clo
File: bk12.clo 2021/10/04 v1.4n Standard LaTeX file (size option)
)
\c@part=\count185
\c@chapter=\count186
\c@section=\count187
\c@subsection=\count188
\c@subsubsection=\count189
\c@paragraph=\count190
\c@subparagraph=\count191
\c@figure=\count192
\c@table=\count193
\abovecaptionskip=\skip47
\belowcaptionskip=\skip48
\bibindent=\dimen138
)
(/usr/share/texlive/texmf-dist/tex/latex/base/inputenc.sty
Package: inputenc 2021/02/14 v1.3d Input encoding file
\inpenc@prehook=\toks16
\inpenc@posthook=\toks17
)
(/usr/share/texlive/texmf-dist/tex/generic/babel/babel.sty
Package: babel 2022/01/26 3.70 The Babel package
\babel@savecnt=\count194
\U@D=\dimen139
\l@unhyphenated=\language87

(/usr/share/texlive/texmf-dist/tex/generic/babel/txtbabel.def)
\bbl@readstream=\read2
\bbl@dirlevel=\count195

(/usr/share/texlive/texmf-dist/tex/generic/babel-english/english.ldf
Language: english 2017/06/06 v3.3r English support from the babel system
Package babel Info: Hyphen rules for 'canadian' set to \l@english
(babel)             (\language0). Reported on input line 102.
Package babel Info: Hyphen rules for 'australian' set to \l@ukenglish
(babel)             (\language83). Reported on input line 105.
Package babel Info: Hyphen rules for 'newzealand' set to \l@ukenglish
(babel)             (\language83). Reported on input line 108.
))
(/usr/share/texlive/texmf-dist/tex/latex/amsmath/amsmath.sty
Package: amsmath 2021/10/15 v2.17l AMS math features
\@mathmargin=\skip49

For additional information on amsmath, use the `?' option.
(/usr/share/texlive/texmf-dist/tex/latex/amsmath/amstext.sty
Package: amstext 2021/08/26 v2.01 AMS text

(/usr/share/texlive/texmf-dist/tex/latex/amsmath/amsgen.sty
File: amsgen.sty 1999/11/30 v2.0 generic functions
\@emptytoks=\toks18
\ex@=\dimen140
))
(/usr/share/texlive/texmf-dist/tex/latex/amsmath/amsbsy.sty
Package: amsbsy 1999/11/29 v1.2d Bold Symbols
\pmbraise@=\dimen141
)
(/usr/share/texlive/texmf-dist/tex/latex/amsmath/amsopn.sty
Package: amsopn 2021/08/26 v2.02 operator names
)
\inf@bad=\count196
LaTeX Info: Redefining \frac on input line 234.
\uproot@=\count197
\leftroot@=\count198
LaTeX Info: Redefining \overline on input line 399.
\classnum@=\count199
\DOTSCASE@=\count266
LaTeX Info: Redefining \ldots on input line 496.
LaTeX Info: Redefining \dots on input line 499.
LaTeX Info: Redefining \cdots on input line 620.
\Mathstrutbox@=\box50
\strutbox@=\box51
\big@size=\dimen142
LaTeX Font Info:    Redeclaring font encoding OML on input line 743.
LaTeX Font Info:    Redeclaring font encoding OMS on input line 744.
\macc@depth=\count267
\c@MaxMatrixCols=\count268
\dotsspace@=\muskip16
\c@parentequation=\count269
\dspbrk@lvl=\count270
\tag@help=\toks19
\row@=\count271
\column@=\count272
\maxfields@=\count273
\andhelp@=\toks20
\eqnshift@=\dimen143
\alignsep@=\dimen144
\tagshift@=\dimen145
\tagwidth@=\dimen146
\totwidth@=\dimen147
\lineht@=\dimen148
\@envbody=\toks21
\multlinegap=\skip50
\multlinetaggap=\skip51
\mathdisplay@stack=\toks22
LaTeX Info: Redefining \[ on input line 2938.
LaTeX Info: Redefining \] on input line 2939.
)
(/usr/share/texlive/texmf-dist/tex/latex/amsfonts/amsfonts.sty
Package: amsfonts 2013/01/14 v3.01 Basic AMSFonts support
\symAMSa=\mathgroup4
\symAMSb=\mathgroup5
LaTeX Font Info:    Redeclaring math symbol \hbar on input line 98.
LaTeX Font Info:    Overwriting math alphabet `\mathfrak' in version `bold'
(Font)                  U/euf/m/n --> U/euf/b/n on input line 106.
)
(/usr/share/texlive/texmf-dist/tex/latex/amsfonts/amssymb.sty
Package: amssymb 2013/01/14 v3.01 AMS font symbols
)
(/usr/share/texlive/texmf-dist/tex/latex/amscls/amsthm.sty
Package: amsthm 2020/05/29 v2.20.6
\thm@style=\toks23
\thm@bodyfont=\toks24
\thm@headfont=\toks25
\thm@notefont=\toks26
\thm@headpunct=\toks27
\thm@preskip=\skip52
\thm@postskip=\skip53
\thm@headsep=\skip54
\dth@everypar=\toks28
)
(/usr/share/texlive/texmf-dist/tex/latex/tocloft/tocloft.sty
Package: tocloft 2017/08/31 v2.3i parameterised ToC, etc., typesetting
Package tocloft Info: The document has chapter divisions on input line 51.
\cftparskip=\skip55
\cftbeforetoctitleskip=\skip56
\cftaftertoctitleskip=\skip57
\cftbeforepartskip=\skip58
\cftpartnumwidth=\skip59
\cftpartindent=\skip60
\cftbeforechapskip=\skip61
\cftchapindent=\skip62
\cftchapnumwidth=\skip63
\cftbeforesecskip=\skip64
\cftsecindent=\skip65
\cftsecnumwidth=\skip66
\cftbeforesubsecskip=\skip67
\cftsubsecindent=\skip68
\cftsubsecnumwidth=\skip69
\cftbeforesubsubsecskip=\skip70
\cftsubsubsecindent=\skip71
\cftsubsubsecnumwidth=\skip72
\cftbeforeparaskip=\skip73
\cftparaindent=\skip74
\cftparanumwidth=\skip75
\cftbeforesubparaskip=\skip76
\cftsubparaindent=\skip77
\cftsubparanumwidth=\skip78
\cftbeforeloftitleskip=\skip79
\cftafterloftitleskip=\skip80
\cftbeforefigskip=\skip81
\cftfigindent=\skip82
\cftfignumwidth=\skip83
\c@lofdepth=\count274
\c@lotdepth=\count275
\cftbeforelottitleskip=\skip84
\cftafterlottitleskip=\skip85
\cftbeforetabskip=\skip86
\cfttabindent=\skip87
\cfttabnumwidth=\skip88
)
(/usr/share/texlive/texmf-dist/tex/latex/graphics/graphicx.sty
Package: graphicx 2021/09/16 v1.2d Enhanced LaTeX Graphics (DPC,SPQR)

(/usr/share/texlive/texmf-dist/tex/latex/graphics/keyval.sty
Package: keyval 2014/10/28 v1.15 key=value parser (DPC)
\KV@toks@=\toks29
)
(/usr/share/texlive/texmf-dist/tex/latex/graphics/graphics.sty
Package: graphics 2021/03/04 v1.4d Standard LaTeX Graphics (DPC,SPQR)

(/usr/share/texlive/texmf-dist/tex/latex/graphics/trig.sty
Package: trig 2021/08/11 v1.11 sin cos tan (DPC)
)
(/usr/share/texlive/texmf-dist/tex/latex/graphics-cfg/graphics.cfg
File: graphics.cfg 2016/06/04 v1.11 sample graphics configuration
)
Package graphics Info: Driver file: pdftex.def on input line 107.

(/usr/share/texlive/texmf-dist/tex/latex/graphics-def/pdftex.def
File: pdftex.def 2020/10/05 v1.2a Graphics/color driver for pdftex
))
\Gin@req@height=\dimen149
\Gin@req@width=\dimen150
)
(/usr/share/texlive/texmf-dist/tex/latex/caption/caption.sty
Package: caption 2020/10/26 v3.5g Customizing captions (AR)

(/usr/share/texlive/texmf-dist/tex/latex/caption/caption3.sty
Package: caption3 2020/10/21 v2.2e caption3 kernel (AR)
\captionmargin=\dimen151
\captionmargin@=\dimen152
\captionwidth=\dimen153
\caption@tempdima=\dimen154
\caption@indent=\dimen155
\caption@parindent=\dimen156
\caption@hangindent=\dimen157
Package caption Info: Standard document class detected.
)
\c@caption@flags=\count276
\c@continuedfloat=\count277
)
(/usr/share/texlive/texmf-dist/tex/latex/caption/subcaption.sty
Package: subcaption 2020/10/07 v1.3j Sub-captions (AR)
\c@subfigure=\count278
\c@subtable=\count279
)
(/usr/share/texmf/tex/latex/lm/lmodern.sty
Package: lmodern 2009/10/30 v1.6 Latin Modern Fonts
LaTeX Font Info:    Overwriting symbol font `operators' in version `normal'
(Font)                  OT1/cmr/m/n --> OT1/lmr/m/n on input line 22.
LaTeX Font Info:    Overwriting symbol font `letters' in version `normal'
(Font)                  OML/cmm/m/it --> OML/lmm/m/it on input line 23.
LaTeX Font Info:    Overwriting symbol font `symbols' in version `normal'
(Font)                  OMS/cmsy/m/n --> OMS/lmsy/m/n on input line 24.
LaTeX Font Info:    Overwriting symbol font `largesymbols' in version `normal'
(Font)                  OMX/cmex/m/n --> OMX/lmex/m/n on input line 25.
LaTeX Font Info:    Overwriting symbol font `operators' in version `bold'
(Font)                  OT1/cmr/bx/n --> OT1/lmr/bx/n on input line 26.
LaTeX Font Info:    Overwriting symbol font `letters' in version `bold'
(Font)                  OML/cmm/b/it --> OML/lmm/b/it on input line 27.
LaTeX Font Info:    Overwriting symbol font `symbols' in version `bold'
(Font)                  OMS/cmsy/b/n --> OMS/lmsy/b/n on input line 28.
LaTeX Font Info:    Overwriting symbol font `largesymbols' in version `bold'
(Font)                  OMX/cmex/m/n --> OMX/lmex/m/n on input line 29.
LaTeX Font Info:    Overwriting math alphabet `\mathbf' in version `normal'
(Font)                  OT1/cmr/bx/n --> OT1/lmr/bx/n on input line 31.
LaTeX Font Info:    Overwriting math alphabet `\mathsf' in version `normal'
(Font)                  OT1/cmss/m/n --> OT1/lmss/m/n on input line 32.
LaTeX Font Info:    Overwriting math alphabet `\mathit' in version `normal'
(Font)                  OT1/cmr/m/it --> OT1/lmr/m/it on input line 33.
LaTeX Font Info:    Overwriting math alphabet `\mathtt' in version `normal'
(Font)                  OT1/cmtt/m/n --> OT1/lmtt/m/n on input line 34.
LaTeX Font Info:    Overwriting math alphabet `\mathbf' in version `bold'
(Font)                  OT1/cmr/bx/n --> OT1/lmr/bx/n on input line 35.
LaTeX Font Info:    Overwriting math alphabet `\mathsf' in version `bold'
(Font)                  OT1/cmss/bx/n --> OT1/lmss/bx/n on input line 36.
LaTeX Font Info:    Overwriting math alphabet `\mathit' in version `bold'
(Font)                  OT1/cmr/bx/it --> OT1/lmr/bx/it on input line 37.
LaTeX Font Info:    Overwriting math alphabet `\mathtt' in version `bold'
(Font)                  OT1/cmtt/m/n --> OT1/lmtt/m/n on input line 38.
)
(/usr/share/texlive/texmf-dist/tex/latex/pgf/frontendlayer/tikz.sty
(/usr/share/texlive/texmf-dist/tex/latex/pgf/basiclayer/pgf.sty
(/usr/share/texlive/texmf-dist/tex/latex/pgf/utilities/pgfrcs.sty
(/usr/share/texlive/texmf-dist/tex/generic/pgf/utilities/pgfutil-common.tex
\pgfutil@everybye=\toks30
\pgfutil@tempdima=\dimen158
\pgfutil@tempdimb=\dimen159

(/usr/share/texlive/texmf-dist/tex/generic/pgf/utilities/pgfutil-common-lists.t
ex)) (/usr/share/texlive/texmf-dist/tex/generic/pgf/utilities/pgfutil-latex.def
\pgfutil@abb=\box52
) (/usr/share/texlive/texmf-dist/tex/generic/pgf/utilities/pgfrcs.code.tex
(/usr/share/texlive/texmf-dist/tex/generic/pgf/pgf.revision.tex)
Package: pgfrcs 2021/05/15 v3.1.9a (3.1.9a)
))
Package: pgf 2021/05/15 v3.1.9a (3.1.9a)

(/usr/share/texlive/texmf-dist/tex/latex/pgf/basiclayer/pgfcore.sty
(/usr/share/texlive/texmf-dist/tex/latex/pgf/systemlayer/pgfsys.sty
(/usr/share/texlive/texmf-dist/tex/generic/pgf/systemlayer/pgfsys.code.tex
Package: pgfsys 2021/05/15 v3.1.9a (3.1.9a)

(/usr/share/texlive/texmf-dist/tex/generic/pgf/utilities/pgfkeys.code.tex
\pgfkeys@pathtoks=\toks31
\pgfkeys@temptoks=\toks32

(/usr/share/texlive/texmf-dist/tex/generic/pgf/utilities/pgfkeysfiltered.code.t
ex
\pgfkeys@tmptoks=\toks33
))
\pgf@x=\dimen160
\pgf@y=\dimen161
\pgf@xa=\dimen162
\pgf@ya=\dimen163
\pgf@xb=\dimen164
\pgf@yb=\dimen165
\pgf@xc=\dimen166
\pgf@yc=\dimen167
\pgf@xd=\dimen168
\pgf@yd=\dimen169
\w@pgf@writea=\write3
\r@pgf@reada=\read3
\c@pgf@counta=\count280
\c@pgf@countb=\count281
\c@pgf@countc=\count282
\c@pgf@countd=\count283
\t@pgf@toka=\toks34
\t@pgf@tokb=\toks35
\t@pgf@tokc=\toks36
\pgf@sys@id@count=\count284
 (/usr/share/texlive/texmf-dist/tex/generic/pgf/systemlayer/pgf.cfg
File: pgf.cfg 2021/05/15 v3.1.9a (3.1.9a)
)
Driver file for pgf: pgfsys-pdftex.def

(/usr/share/texlive/texmf-dist/tex/generic/pgf/systemlayer/pgfsys-pdftex.def
File: pgfsys-pdftex.def 2021/05/15 v3.1.9a (3.1.9a)

(/usr/share/texlive/texmf-dist/tex/generic/pgf/systemlayer/pgfsys-common-pdf.de
f
File: pgfsys-common-pdf.def 2021/05/15 v3.1.9a (3.1.9a)
)))
(/usr/share/texlive/texmf-dist/tex/generic/pgf/systemlayer/pgfsyssoftpath.code.
tex
File: pgfsyssoftpath.code.tex 2021/05/15 v3.1.9a (3.1.9a)
\pgfsyssoftpath@smallbuffer@items=\count285
\pgfsyssoftpath@bigbuffer@items=\count286
)
(/usr/share/texlive/texmf-dist/tex/generic/pgf/systemlayer/pgfsysprotocol.code.
tex
File: pgfsysprotocol.code.tex 2021/05/15 v3.1.9a (3.1.9a)
)) (/usr/share/texlive/texmf-dist/tex/latex/xcolor/xcolor.sty
Package: xcolor 2021/10/31 v2.13 LaTeX color extensions (UK)

(/usr/share/texlive/texmf-dist/tex/latex/graphics-cfg/color.cfg
File: color.cfg 2016/01/02 v1.6 sample color configuration
)
Package xcolor Info: Driver file: pdftex.def on input line 227.
Package xcolor Info: Model `cmy' substituted by `cmy0' on input line 1352.
Package xcolor Info: Model `hsb' substituted by `rgb' on input line 1356.
Package xcolor Info: Model `RGB' extended on input line 1368.
Package xcolor Info: Model `HTML' substituted by `rgb' on input line 1370.
Package xcolor Info: Model `Hsb' substituted by `hsb' on input line 1371.
Package xcolor Info: Model `tHsb' substituted by `hsb' on input line 1372.
Package xcolor Info: Model `HSB' substituted by `hsb' on input line 1373.
Package xcolor Info: Model `Gray' substituted by `gray' on input line 1374.
Package xcolor Info: Model `wave' substituted by `hsb' on input line 1375.
)
(/usr/share/texlive/texmf-dist/tex/generic/pgf/basiclayer/pgfcore.code.tex
Package: pgfcore 2021/05/15 v3.1.9a (3.1.9a)

(/usr/share/texlive/texmf-dist/tex/generic/pgf/math/pgfmath.code.tex
(/usr/share/texlive/texmf-dist/tex/generic/pgf/math/pgfmathcalc.code.tex
(/usr/share/texlive/texmf-dist/tex/generic/pgf/math/pgfmathutil.code.tex)
(/usr/share/texlive/texmf-dist/tex/generic/pgf/math/pgfmathparser.code.tex
\pgfmath@dimen=\dimen170
\pgfmath@count=\count287
\pgfmath@box=\box53
\pgfmath@toks=\toks37
\pgfmath@stack@operand=\toks38
\pgfmath@stack@operation=\toks39
)
(/usr/share/texlive/texmf-dist/tex/generic/pgf/math/pgfmathfunctions.code.tex
(/usr/share/texlive/texmf-dist/tex/generic/pgf/math/pgfmathfunctions.basic.code
.tex)
(/usr/share/texlive/texmf-dist/tex/generic/pgf/math/pgfmathfunctions.trigonomet
ric.code.tex)
(/usr/share/texlive/texmf-dist/tex/generic/pgf/math/pgfmathfunctions.random.cod
e.tex)
(/usr/share/texlive/texmf-dist/tex/generic/pgf/math/pgfmathfunctions.comparison
.code.tex)
(/usr/share/texlive/texmf-dist/tex/generic/pgf/math/pgfmathfunctions.base.code.
tex)
(/usr/share/texlive/texmf-dist/tex/generic/pgf/math/pgfmathfunctions.round.code
.tex)
(/usr/share/texlive/texmf-dist/tex/generic/pgf/math/pgfmathfunctions.misc.code.
tex)
(/usr/share/texlive/texmf-dist/tex/generic/pgf/math/pgfmathfunctions.integerari
thmetics.code.tex)))
(/usr/share/texlive/texmf-dist/tex/generic/pgf/math/pgfmathfloat.code.tex
\c@pgfmathroundto@lastzeros=\count288
))
(/usr/share/texlive/texmf-dist/tex/generic/pgf/math/pgfint.code.tex)
(/usr/share/texlive/texmf-dist/tex/generic/pgf/basiclayer/pgfcorepoints.code.te
x
File: pgfcorepoints.code.tex 2021/05/15 v3.1.9a (3.1.9a)
\pgf@picminx=\dimen171
\pgf@picmaxx=\dimen172
\pgf@picminy=\dimen173
\pgf@picmaxy=\dimen174
\pgf@pathminx=\dimen175
\pgf@pathmaxx=\dimen176
\pgf@pathminy=\dimen177
\pgf@pathmaxy=\dimen178
\pgf@xx=\dimen179
\pgf@xy=\dimen180
\pgf@yx=\dimen181
\pgf@yy=\dimen182
\pgf@zx=\dimen183
\pgf@zy=\dimen184
)
(/usr/share/texlive/texmf-dist/tex/generic/pgf/basiclayer/pgfcorepathconstruct.
code.tex
File: pgfcorepathconstruct.code.tex 2021/05/15 v3.1.9a (3.1.9a)
\pgf@path@lastx=\dimen185
\pgf@path@lasty=\dimen186
)
(/usr/share/texlive/texmf-dist/tex/generic/pgf/basiclayer/pgfcorepathusage.code
.tex
File: pgfcorepathusage.code.tex 2021/05/15 v3.1.9a (3.1.9a)
\pgf@shorten@end@additional=\dimen187
\pgf@shorten@start@additional=\dimen188
)
(/usr/share/texlive/texmf-dist/tex/generic/pgf/basiclayer/pgfcorescopes.code.te
x
File: pgfcorescopes.code.tex 2021/05/15 v3.1.9a (3.1.9a)
\pgfpic=\box54
\pgf@hbox=\box55
\pgf@layerbox@main=\box56
\pgf@picture@serial@count=\count289
)
(/usr/share/texlive/texmf-dist/tex/generic/pgf/basiclayer/pgfcoregraphicstate.c
ode.tex
File: pgfcoregraphicstate.code.tex 2021/05/15 v3.1.9a (3.1.9a)
\pgflinewidth=\dimen189
)
(/usr/share/texlive/texmf-dist/tex/generic/pgf/basiclayer/pgfcoretransformation
s.code.tex
File: pgfcoretransformations.code.tex 2021/05/15 v3.1.9a (3.1.9a)
\pgf@pt@x=\dimen190
\pgf@pt@y=\dimen191
\pgf@pt@temp=\dimen192
)
(/usr/share/texlive/texmf-dist/tex/generic/pgf/basiclayer/pgfcorequick.code.tex
File: pgfcorequick.code.tex 2021/05/15 v3.1.9a (3.1.9a)
)
(/usr/share/texlive/texmf-dist/tex/generic/pgf/basiclayer/pgfcoreobjects.code.t
ex
File: pgfcoreobjects.code.tex 2021/05/15 v3.1.9a (3.1.9a)
)
(/usr/share/texlive/texmf-dist/tex/generic/pgf/basiclayer/pgfcorepathprocessing
.code.tex
File: pgfcorepathprocessing.code.tex 2021/05/15 v3.1.9a (3.1.9a)
)
(/usr/share/texlive/texmf-dist/tex/generic/pgf/basiclayer/pgfcorearrows.code.te
x
File: pgfcorearrows.code.tex 2021/05/15 v3.1.9a (3.1.9a)
\pgfarrowsep=\dimen193
)
(/usr/share/texlive/texmf-dist/tex/generic/pgf/basiclayer/pgfcoreshade.code.tex
File: pgfcoreshade.code.tex 2021/05/15 v3.1.9a (3.1.9a)
\pgf@max=\dimen194
\pgf@sys@shading@range@num=\count290
\pgf@shadingcount=\count291
)
(/usr/share/texlive/texmf-dist/tex/generic/pgf/basiclayer/pgfcoreimage.code.tex
File: pgfcoreimage.code.tex 2021/05/15 v3.1.9a (3.1.9a)

(/usr/share/texlive/texmf-dist/tex/generic/pgf/basiclayer/pgfcoreexternal.code.
tex
File: pgfcoreexternal.code.tex 2021/05/15 v3.1.9a (3.1.9a)
\pgfexternal@startupbox=\box57
))
(/usr/share/texlive/texmf-dist/tex/generic/pgf/basiclayer/pgfcorelayers.code.te
x
File: pgfcorelayers.code.tex 2021/05/15 v3.1.9a (3.1.9a)
)
(/usr/share/texlive/texmf-dist/tex/generic/pgf/basiclayer/pgfcoretransparency.c
ode.tex
File: pgfcoretransparency.code.tex 2021/05/15 v3.1.9a (3.1.9a)
)
(/usr/share/texlive/texmf-dist/tex/generic/pgf/basiclayer/pgfcorepatterns.code.
tex
File: pgfcorepatterns.code.tex 2021/05/15 v3.1.9a (3.1.9a)
)
(/usr/share/texlive/texmf-dist/tex/generic/pgf/basiclayer/pgfcorerdf.code.tex
File: pgfcorerdf.code.tex 2021/05/15 v3.1.9a (3.1.9a)
)))
(/usr/share/texlive/texmf-dist/tex/generic/pgf/modules/pgfmoduleshapes.code.tex
File: pgfmoduleshapes.code.tex 2021/05/15 v3.1.9a (3.1.9a)
\pgfnodeparttextbox=\box58
) (/usr/share/texlive/texmf-dist/tex/generic/pgf/modules/pgfmoduleplot.code.tex
File: pgfmoduleplot.code.tex 2021/05/15 v3.1.9a (3.1.9a)
)
(/usr/share/texlive/texmf-dist/tex/latex/pgf/compatibility/pgfcomp-version-0-65
.sty
Package: pgfcomp-version-0-65 2021/05/15 v3.1.9a (3.1.9a)
\pgf@nodesepstart=\dimen195
\pgf@nodesepend=\dimen196
)
(/usr/share/texlive/texmf-dist/tex/latex/pgf/compatibility/pgfcomp-version-1-18
.sty
Package: pgfcomp-version-1-18 2021/05/15 v3.1.9a (3.1.9a)
)) (/usr/share/texlive/texmf-dist/tex/latex/pgf/utilities/pgffor.sty
(/usr/share/texlive/texmf-dist/tex/latex/pgf/utilities/pgfkeys.sty
(/usr/share/texlive/texmf-dist/tex/generic/pgf/utilities/pgfkeys.code.tex))
(/usr/share/texlive/texmf-dist/tex/latex/pgf/math/pgfmath.sty
(/usr/share/texlive/texmf-dist/tex/generic/pgf/math/pgfmath.code.tex))
(/usr/share/texlive/texmf-dist/tex/generic/pgf/utilities/pgffor.code.tex
Package: pgffor 2021/05/15 v3.1.9a (3.1.9a)

(/usr/share/texlive/texmf-dist/tex/generic/pgf/math/pgfmath.code.tex)
\pgffor@iter=\dimen197
\pgffor@skip=\dimen198
\pgffor@stack=\toks40
\pgffor@toks=\toks41
))
(/usr/share/texlive/texmf-dist/tex/generic/pgf/frontendlayer/tikz/tikz.code.tex
Package: tikz 2021/05/15 v3.1.9a (3.1.9a)

(/usr/share/texlive/texmf-dist/tex/generic/pgf/libraries/pgflibraryplothandlers
.code.tex
File: pgflibraryplothandlers.code.tex 2021/05/15 v3.1.9a (3.1.9a)
\pgf@plot@mark@count=\count292
\pgfplotmarksize=\dimen199
)
\tikz@lastx=\dimen256
\tikz@lasty=\dimen257
\tikz@lastxsaved=\dimen258
\tikz@lastysaved=\dimen259
\tikz@lastmovetox=\dimen260
\tikz@lastmovetoy=\dimen261
\tikzleveldistance=\dimen262
\tikzsiblingdistance=\dimen263
\tikz@figbox=\box59
\tikz@figbox@bg=\box60
\tikz@tempbox=\box61
\tikz@tempbox@bg=\box62
\tikztreelevel=\count293
\tikznumberofchildren=\count294
\tikznumberofcurrentchild=\count295
\tikz@fig@count=\count296

(/usr/share/texlive/texmf-dist/tex/generic/pgf/modules/pgfmodulematrix.code.tex
File: pgfmodulematrix.code.tex 2021/05/15 v3.1.9a (3.1.9a)
\pgfmatrixcurrentrow=\count297
\pgfmatrixcurrentcolumn=\count298
\pgf@matrix@numberofcolumns=\count299
)
\tikz@expandcount=\count300

(/usr/share/texlive/texmf-dist/tex/generic/pgf/frontendlayer/tikz/libraries/tik
zlibrarytopaths.code.tex
File: tikzlibrarytopaths.code.tex 2021/05/15 v3.1.9a (3.1.9a)
)))
(/usr/share/texlive/texmf-dist/tex/latex/titlesec/titlesec.sty
Package: titlesec 2021/07/05 v2.14 Sectioning titles
\ttl@box=\box63
\beforetitleunit=\skip89
\aftertitleunit=\skip90
\ttl@plus=\dimen264
\ttl@minus=\dimen265
\ttl@toksa=\toks42
\titlewidth=\dimen266
\titlewidthlast=\dimen267
\titlewidthfirst=\dimen268
)
(/usr/share/texlive/texmf-dist/tex/latex/environ/environ.sty
Package: environ 2014/05/04 v0.3 A new way to define environments

(/usr/share/texlive/texmf-dist/tex/latex/trimspaces/trimspaces.sty
Package: trimspaces 2009/09/17 v1.1 Trim spaces around a token list
))
(/usr/share/texlive/texmf-dist/tex/latex/fancyhdr/fancyhdr.sty
Package: fancyhdr 2021/01/28 v4.0.1 Extensive control of page headers and foote
rs
\f@nch@headwidth=\skip91
\f@nch@O@elh=\skip92
\f@nch@O@erh=\skip93
\f@nch@O@olh=\skip94
\f@nch@O@orh=\skip95
\f@nch@O@elf=\skip96
\f@nch@O@erf=\skip97
\f@nch@O@olf=\skip98
\f@nch@O@orf=\skip99
)
(/usr/share/texlive/texmf-dist/tex/latex/hyperref/hyperref.sty
Package: hyperref 2021-06-07 v7.00m Hypertext links for LaTeX

(/usr/share/texlive/texmf-dist/tex/generic/ltxcmds/ltxcmds.sty
Package: ltxcmds 2020-05-10 v1.25 LaTeX kernel commands for general use (HO)
)
(/usr/share/texlive/texmf-dist/tex/generic/iftex/iftex.sty
Package: iftex 2020/03/06 v1.0d TeX engine tests
)
(/usr/share/texlive/texmf-dist/tex/generic/pdftexcmds/pdftexcmds.sty
Package: pdftexcmds 2020-06-27 v0.33 Utility functions of pdfTeX for LuaTeX (HO
)

(/usr/share/texlive/texmf-dist/tex/generic/infwarerr/infwarerr.sty
Package: infwarerr 2019/12/03 v1.5 Providing info/warning/error messages (HO)
)
Package pdftexcmds Info: \pdf@primitive is available.
Package pdftexcmds Info: \pdf@ifprimitive is available.
Package pdftexcmds Info: \pdfdraftmode found.
)
(/usr/share/texlive/texmf-dist/tex/generic/kvsetkeys/kvsetkeys.sty
Package: kvsetkeys 2019/12/15 v1.18 Key value parser (HO)
)
(/usr/share/texlive/texmf-dist/tex/generic/kvdefinekeys/kvdefinekeys.sty
Package: kvdefinekeys 2019-12-19 v1.6 Define keys (HO)
)
(/usr/share/texlive/texmf-dist/tex/generic/pdfescape/pdfescape.sty
Package: pdfescape 2019/12/09 v1.15 Implements pdfTeX's escape features (HO)
)
(/usr/share/texlive/texmf-dist/tex/latex/hycolor/hycolor.sty
Package: hycolor 2020-01-27 v1.10 Color options for hyperref/bookmark (HO)
)
(/usr/share/texlive/texmf-dist/tex/latex/letltxmacro/letltxmacro.sty
Package: letltxmacro 2019/12/03 v1.6 Let assignment for LaTeX macros (HO)
)
(/usr/share/texlive/texmf-dist/tex/latex/auxhook/auxhook.sty
Package: auxhook 2019-12-17 v1.6 Hooks for auxiliary files (HO)
)
(/usr/share/texlive/texmf-dist/tex/latex/kvoptions/kvoptions.sty
Package: kvoptions 2020-10-07 v3.14 Key value format for package options (HO)
)
\@linkdim=\dimen269
\Hy@linkcounter=\count301
\Hy@pagecounter=\count302

(/usr/share/texlive/texmf-dist/tex/latex/hyperref/pd1enc.def
File: pd1enc.def 2021-06-07 v7.00m Hyperref: PDFDocEncoding definition (HO)
Now handling font encoding PD1 ...
... no UTF-8 mapping file for font encoding PD1
)
(/usr/share/texlive/texmf-dist/tex/latex/hyperref/hyperref-langpatches.def
File: hyperref-langpatches.def 2021-06-07 v7.00m Hyperref: patches for babel la
nguages
)
(/usr/share/texlive/texmf-dist/tex/generic/intcalc/intcalc.sty
Package: intcalc 2019/12/15 v1.3 Expandable calculations with integers (HO)
)
(/usr/share/texlive/texmf-dist/tex/generic/etexcmds/etexcmds.sty
Package: etexcmds 2019/12/15 v1.7 Avoid name clashes with e-TeX commands (HO)
)
\Hy@SavedSpaceFactor=\count303

(/usr/share/texlive/texmf-dist/tex/latex/hyperref/puenc.def
File: puenc.def 2021-06-07 v7.00m Hyperref: PDF Unicode definition (HO)
Now handling font encoding PU ...
... no UTF-8 mapping file for font encoding PU
)
Package hyperref Info: Option `colorlinks' set `true' on input line 4073.
Package hyperref Info: Hyper figures OFF on input line 4192.
Package hyperref Info: Link nesting OFF on input line 4197.
Package hyperref Info: Hyper index ON on input line 4200.
Package hyperref Info: Plain pages OFF on input line 4207.
Package hyperref Info: Backreferencing OFF on input line 4212.
Package hyperref Info: Implicit mode ON; LaTeX internals redefined.
Package hyperref Info: Bookmarks ON on input line 4445.
\c@Hy@tempcnt=\count304

(/usr/share/texlive/texmf-dist/tex/latex/url/url.sty
\Urlmuskip=\muskip17
Package: url 2013/09/16  ver 3.4  Verb mode for urls, etc.
)
LaTeX Info: Redefining \url on input line 4804.
\XeTeXLinkMargin=\dimen270

(/usr/share/texlive/texmf-dist/tex/generic/bitset/bitset.sty
Package: bitset 2019/12/09 v1.3 Handle bit-vector datatype (HO)

(/usr/share/texlive/texmf-dist/tex/generic/bigintcalc/bigintcalc.sty
Package: bigintcalc 2019/12/15 v1.5 Expandable calculations on big integers (HO
)
))
\Fld@menulength=\count305
\Field@Width=\dimen271
\Fld@charsize=\dimen272
Package hyperref Info: Hyper figures OFF on input line 6076.
Package hyperref Info: Link nesting OFF on input line 6081.
Package hyperref Info: Hyper index ON on input line 6084.
Package hyperref Info: backreferencing OFF on input line 6091.
Package hyperref Info: Link coloring ON on input line 6094.
Package hyperref Info: Link coloring with OCG OFF on input line 6101.
Package hyperref Info: PDF/A mode OFF on input line 6106.
LaTeX Info: Redefining \ref on input line 6146.
LaTeX Info: Redefining \pageref on input line 6150.

(/usr/share/texlive/texmf-dist/tex/latex/base/atbegshi-ltx.sty
Package: atbegshi-ltx 2021/01/10 v1.0c Emulation of the original atbegshi
package with kernel methods
)
\Hy@abspage=\count306
\c@Item=\count307
\c@Hfootnote=\count308
)
Package hyperref Info: Driver (autodetected): hpdftex.

(/usr/share/texlive/texmf-dist/tex/latex/hyperref/hpdftex.def
File: hpdftex.def 2021-06-07 v7.00m Hyperref driver for pdfTeX

(/usr/share/texlive/texmf-dist/tex/latex/base/atveryend-ltx.sty
Package: atveryend-ltx 2020/08/19 v1.0a Emulation of the original atveryend pac
kage
with kernel methods
)
\Fld@listcount=\count309
\c@bookmark@seq@number=\count310

(/usr/share/texlive/texmf-dist/tex/latex/rerunfilecheck/rerunfilecheck.sty
Package: rerunfilecheck 2019/12/05 v1.9 Rerun checks for auxiliary files (HO)

(/usr/share/texlive/texmf-dist/tex/generic/uniquecounter/uniquecounter.sty
Package: uniquecounter 2019/12/15 v1.4 Provide unlimited unique counter (HO)
)
Package uniquecounter Info: New unique counter `rerunfilecheck' on input line 2
86.
)
\Hy@SectionHShift=\skip100
)
(/usr/share/texlive/texmf-dist/tex/latex/l3packages/xparse/xparse.sty
(/usr/share/texlive/texmf-dist/tex/latex/l3kernel/expl3.sty
Package: expl3 2022-01-21 L3 programming layer (loader) 

(/usr/share/texlive/texmf-dist/tex/latex/l3backend/l3backend-pdftex.def
File: l3backend-pdftex.def 2022-01-12 L3 backend support: PDF output (pdfTeX)
\l__color_backend_stack_int=\count311
\l__pdf_internal_box=\box64
))
Package: xparse 2022-01-12 L3 Experimental document command parser
)
(/usr/share/texlive/texmf-dist/tex/latex/enumitem/enumitem.sty
Package: enumitem 2019/06/20 v3.9 Customized lists
\labelindent=\skip101
\enit@outerparindent=\dimen273
\enit@toks=\toks43
\enit@inbox=\box65
\enit@count@id=\count312
\enitdp@description=\count313
)
(/usr/share/texlive/texmf-dist/tex/latex/comment/comment.sty
\CommentStream=\write4

Excluding comment 'comment')
(/usr/share/texlive/texmf-dist/tex/latex/wrapfig/wrapfig.sty
\wrapoverhang=\dimen274
\WF@size=\dimen275
\c@WF@wrappedlines=\count314
\WF@box=\box66
\WF@everypar=\toks44
Package: wrapfig 2003/01/31  v 3.6
)
(/usr/share/texlive/texmf-dist/tex/latex/cleveref/cleveref.sty
Package: cleveref 2018/03/27 v0.21.4 Intelligent cross-referencing
Package cleveref Info: `hyperref' support loaded on input line 2370.
LaTeX Info: Redefining \cref on input line 2370.
LaTeX Info: Redefining \Cref on input line 2370.
LaTeX Info: Redefining \crefrange on input line 2370.
LaTeX Info: Redefining \Crefrange on input line 2370.
LaTeX Info: Redefining \cpageref on input line 2370.
LaTeX Info: Redefining \Cpageref on input line 2370.
LaTeX Info: Redefining \cpagerefrange on input line 2370.
LaTeX Info: Redefining \Cpagerefrange on input line 2370.
LaTeX Info: Redefining \labelcref on input line 2370.
LaTeX Info: Redefining \labelcpageref on input line 2370.
Package cleveref Info: `amsthm' support loaded on input line 3026.
Package cleveref Info: always capitalise cross-reference names on input line 78
25.
Package cleveref Info: always capitalise cross-reference names on input line 78
52.
)
(/usr/share/texlive/texmf-dist/tex/latex/circledsteps/circledsteps.sty
Package: circledsteps 2020/01/12 v1.3.1 Circled steps that you can reference

(/usr/share/texlive/texmf-dist/tex/latex/pict2e/pict2e.sty
Package: pict2e 2020/09/30 v0.4b Improved picture commands (HjG,RN,JT)

(/usr/share/texlive/texmf-dist/tex/latex/pict2e/pict2e.cfg
File: pict2e.cfg 2016/02/05 v0.1u pict2e configuration for teTeX/TeXLive
)
Package pict2e Info: Driver file: pdftex.def on input line 112.
Package pict2e Info: Driver file for pict2e: p2e-pdftex.def on input line 114.

(/usr/share/texlive/texmf-dist/tex/latex/pict2e/p2e-pdftex.def
File: p2e-pdftex.def 2016/02/05 v0.1u Driver-dependant file (RN,HjG,JT)
)
\pIIe@GRAPH=\toks45
\@arclen=\dimen276
\@arcrad=\dimen277
\pIIe@tempdima=\dimen278
\pIIe@tempdimb=\dimen279
\pIIe@tempdimc=\dimen280
\pIIe@tempdimd=\dimen281
\pIIe@tempdime=\dimen282
\pIIe@tempdimf=\dimen283
)
(/usr/share/texlive/texmf-dist/tex/latex/picture/picture.sty
Package: picture 2020-04-22 v1.6 Dimens for picture macros (HO)
Package picture Info: Calculation method: etex.
)
(/usr/share/texlive/texmf-dist/tex/latex/etoolbox/etoolbox.sty
Package: etoolbox 2020/10/05 v2.5k e-TeX tools for LaTeX (JAW)
\etb@tempcnta=\count315
)
\csteps@CBox=\box67
\csteps@XLength=\skip102
\csteps@YLength=\skip103
\csteps@YDepth=\skip104
\csteps@tmplen=\skip105
\c@cstepcnt=\count316
)
(/usr/share/texlive/texmf-dist/tex/latex/epsdice/epsdice.sty
Package: epsdice 2007/02/15 by Thomas Heim (v. 2.1)

(/usr/share/texlive/texmf-dist/tex/latex/base/ifthen.sty
Package: ifthen 2020/11/24 v1.1c Standard LaTeX ifthen package (DPC)
)
(/usr/share/texlive/texmf-dist/tex/latex/epsdice/epsdice.cfg)
\c@eps@face=\count317
)
(/usr/share/texlive/texmf-dist/tex/generic/soul/soul.sty
Package: soul 2003/11/17 v2.4 letterspacing/underlining (mf)
\SOUL@word=\toks46
\SOUL@lasttoken=\toks47
\SOUL@cmds=\toks48
\SOUL@buffer=\toks49
\SOUL@token=\toks50
\SOUL@spaceskip=\skip106
\SOUL@ttwidth=\dimen284
\SOUL@uldp=\dimen285
\SOUL@ulht=\dimen286
)
(/usr/share/texlive/texmf-dist/tex/latex/geometry/geometry.sty
Package: geometry 2020/01/02 v5.9 Page Geometry

(/usr/share/texlive/texmf-dist/tex/generic/iftex/ifvtex.sty
Package: ifvtex 2019/10/25 v1.7 ifvtex legacy package. Use iftex instead.
)
\Gm@cnth=\count318
\Gm@cntv=\count319
\c@Gm@tempcnt=\count320
\Gm@bindingoffset=\dimen287
\Gm@wd@mp=\dimen288
\Gm@odd@mp=\dimen289
\Gm@even@mp=\dimen290
\Gm@layoutwidth=\dimen291
\Gm@layoutheight=\dimen292
\Gm@layouthoffset=\dimen293
\Gm@layoutvoffset=\dimen294
\Gm@dimlist=\toks51
)
(/usr/share/texlive/texmf-dist/tex/latex/tools/multicol.sty
Package: multicol 2021/10/28 v1.9b multicolumn formatting (FMi)
\c@tracingmulticols=\count321
\mult@box=\box68
\multicol@leftmargin=\dimen295
\c@unbalance=\count322
\c@collectmore=\count323
\doublecol@number=\count324
\multicoltolerance=\count325
\multicolpretolerance=\count326
\full@width=\dimen296
\page@free=\dimen297
\premulticols=\dimen298
\postmulticols=\dimen299
\multicolsep=\skip107
\multicolbaselineskip=\skip108
\partial@page=\box69
\last@line=\box70
\maxbalancingoverflow=\dimen300
\mult@rightbox=\box71
\mult@grightbox=\box72
\mult@firstbox=\box73
\mult@gfirstbox=\box74
\@tempa=\box75
\@tempa=\box76
\@tempa=\box77
\@tempa=\box78
\@tempa=\box79
\@tempa=\box80
\@tempa=\box81
\@tempa=\box82
\@tempa=\box83
\@tempa=\box84
\@tempa=\box85
\@tempa=\box86
\@tempa=\box87
\@tempa=\box88
\@tempa=\box89
\@tempa=\box90
\@tempa=\box91
\@tempa=\box92
\@tempa=\box93
\@tempa=\box94
\@tempa=\box95
\@tempa=\box96
\@tempa=\box97
\@tempa=\box98
\@tempa=\box99
\@tempa=\box100
\@tempa=\box101
\@tempa=\box102
\@tempa=\box103
\@tempa=\box104
\@tempa=\box105
\@tempa=\box106
\@tempa=\box107
\@tempa=\box108
\@tempa=\box109
\@tempa=\box110
\c@minrows=\count327
\c@columnbadness=\count328
\c@finalcolumnbadness=\count329
\last@try=\dimen301
\multicolovershoot=\dimen302
\multicolundershoot=\dimen303
\mult@nat@firstbox=\box111
\colbreak@box=\box112
\mc@col@check@num=\count330
)
(/usr/share/texlive/texmf-dist/tex/latex/parskip/parskip.sty
Package: parskip 2021-03-14 v2.0h non-zero parskip adjustments
)
(/usr/share/texlive/texmf-dist/tex/latex/subfiles/subfiles.sty
Package: subfiles 2020/11/14 v2.2 Multi-file projects (package)

(/usr/share/texlive/texmf-dist/tex/latex/import/import.sty
Package: import 2020/04/01  v 6.2
))
\c@example=\count331
\c@theorem=\count332
\c@definition=\count333
\c@problem=\count334

Excluding comment 'notes'
(/usr/share/texlive/texmf-dist/tex/latex/chngcntr/chngcntr.sty
Package: chngcntr 2018/04/09 v1.1a change counter resetting
Package chngcntr Info: \counterwithout already defined.
(chngcntr)             Quitting chngcntr on input line 21.
))
LaTeX Font Info:    Trying to load font information for OT1+lmr on input line 5
.

(/usr/share/texmf/tex/latex/lm/ot1lmr.fd
File: ot1lmr.fd 2009/10/30 v1.6 Font defs for Latin Modern
) (./Probability-All.aux)
\openout1 = `Probability-All.aux'.

LaTeX Font Info:    Checking defaults for OML/cmm/m/it on input line 5.
LaTeX Font Info:    ... okay on input line 5.
LaTeX Font Info:    Checking defaults for OMS/cmsy/m/n on input line 5.
LaTeX Font Info:    ... okay on input line 5.
LaTeX Font Info:    Checking defaults for OT1/cmr/m/n on input line 5.
LaTeX Font Info:    ... okay on input line 5.
LaTeX Font Info:    Checking defaults for T1/cmr/m/n on input line 5.
LaTeX Font Info:    ... okay on input line 5.
LaTeX Font Info:    Checking defaults for TS1/cmr/m/n on input line 5.
LaTeX Font Info:    ... okay on input line 5.
LaTeX Font Info:    Checking defaults for OMX/cmex/m/n on input line 5.
LaTeX Font Info:    ... okay on input line 5.
LaTeX Font Info:    Checking defaults for U/cmr/m/n on input line 5.
LaTeX Font Info:    ... okay on input line 5.
LaTeX Font Info:    Checking defaults for PD1/pdf/m/n on input line 5.
LaTeX Font Info:    ... okay on input line 5.
LaTeX Font Info:    Checking defaults for PU/pdf/m/n on input line 5.
LaTeX Font Info:    ... okay on input line 5.

(/usr/share/texlive/texmf-dist/tex/context/base/mkii/supp-pdf.mkii
[Loading MPS to PDF converter (version 2006.09.02).]
\scratchcounter=\count335
\scratchdimen=\dimen304
\scratchbox=\box113
\nofMPsegments=\count336
\nofMParguments=\count337
\everyMPshowfont=\toks52
\MPscratchCnt=\count338
\MPscratchDim=\dimen305
\MPnumerator=\count339
\makeMPintoPDFobject=\count340
\everyMPtoPDFconversion=\toks53
) (/usr/share/texlive/texmf-dist/tex/latex/epstopdf-pkg/epstopdf-base.sty
Package: epstopdf-base 2020-01-24 v2.11 Base part for package epstopdf
Package epstopdf-base Info: Redefining graphics rule for `.eps' on input line 4
85.

(/usr/share/texlive/texmf-dist/tex/latex/latexconfig/epstopdf-sys.cfg
File: epstopdf-sys.cfg 2010/07/13 v1.3 Configuration of (r)epstopdf for TeX Liv
e
))
Package caption Info: Begin \AtBeginDocument code.
Package caption Info: hyperref package is loaded.
Package caption Info: wrapfig package is loaded.
Package caption Info: End \AtBeginDocument code.
Package hyperref Info: Link coloring ON on input line 5.

(/usr/share/texlive/texmf-dist/tex/latex/hyperref/nameref.sty
Package: nameref 2021-04-02 v2.47 Cross-referencing by name of section

(/usr/share/texlive/texmf-dist/tex/latex/refcount/refcount.sty
Package: refcount 2019/12/15 v3.6 Data extraction from label references (HO)
)
(/usr/share/texlive/texmf-dist/tex/generic/gettitlestring/gettitlestring.sty
Package: gettitlestring 2019/12/15 v1.6 Cleanup title references (HO)
)
\c@section@level=\count341
)
LaTeX Info: Redefining \ref on input line 5.
LaTeX Info: Redefining \pageref on input line 5.
LaTeX Info: Redefining \nameref on input line 5.

(./Probability-All.out) (./Probability-All.out)
\@outlinefile=\write5
\openout5 = `Probability-All.out'.


*geometry* driver: auto-detecting
*geometry* detected driver: pdftex
*geometry* verbose mode - [ preamble ] result:
* driver: pdftex
* paper: a4paper
* layout: <same size as paper>
* layoutoffset:(h,v)=(0.0pt,0.0pt)
* modes: twoside 
* h-part:(L,W,R)=(56.9055pt, 483.69687pt, 56.9055pt)
* v-part:(T,H,B)=(56.9055pt, 731.23584pt, 56.9055pt)
* \paperwidth=597.50787pt
* \paperheight=845.04684pt
* \textwidth=483.69687pt
* \textheight=731.23584pt
* \oddsidemargin=-15.36449pt
* \evensidemargin=-15.36449pt
* \topmargin=-47.23828pt
* \headheight=12.0pt
* \headsep=19.8738pt
* \topskip=12.0pt
* \footskip=30.0pt
* \marginparwidth=88.0pt
* \marginparsep=7.0pt
* \columnsep=10.0pt
* \skip\footins=10.8pt plus 4.0pt minus 2.0pt
* \hoffset=0.0pt
* \voffset=0.0pt
* \mag=1000
* \@twocolumnfalse
* \@twosidetrue
* \@mparswitchtrue
* \@reversemarginfalse
* (1in=72.27pt=25.4mm, 1cm=28.453pt)

LaTeX Font Info:    Trying to load font information for OML+lmm on input line 1
6.
(/usr/share/texmf/tex/latex/lm/omllmm.fd
File: omllmm.fd 2009/10/30 v1.6 Font defs for Latin Modern
)
LaTeX Font Info:    Trying to load font information for OMS+lmsy on input line 
16.

(/usr/share/texmf/tex/latex/lm/omslmsy.fd
File: omslmsy.fd 2009/10/30 v1.6 Font defs for Latin Modern
)
LaTeX Font Info:    Trying to load font information for OMX+lmex on input line 
16.

(/usr/share/texmf/tex/latex/lm/omxlmex.fd
File: omxlmex.fd 2009/10/30 v1.6 Font defs for Latin Modern
)
LaTeX Font Info:    External font `lmex10' loaded for size
(Font)              <12> on input line 16.
LaTeX Font Info:    External font `lmex10' loaded for size
(Font)              <8> on input line 16.
LaTeX Font Info:    External font `lmex10' loaded for size
(Font)              <6> on input line 16.
LaTeX Font Info:    Trying to load font information for U+msa on input line 16.


(/usr/share/texlive/texmf-dist/tex/latex/amsfonts/umsa.fd
File: umsa.fd 2013/01/14 v3.01 AMS symbols A
)
LaTeX Font Info:    Trying to load font information for U+msb on input line 16.


(/usr/share/texlive/texmf-dist/tex/latex/amsfonts/umsb.fd
File: umsb.fd 2013/01/14 v3.01 AMS symbols B
)
<../../../manoaseal_transparent.png, id=195, 1204.5pt x 1204.5pt>
File: ../../../manoaseal_transparent.png Graphic file (type png)
<use ../../../manoaseal_transparent.png>
Package pdftex.def Info: ../../../manoaseal_transparent.png  used on input line
 18.
(pdftex.def)             Requested size: 60.22852pt x 60.22852pt.

Overfull \hbox (2.18726pt too wide) in paragraph at lines 18--19
[][] 
 []

[1

{/var/lib/texmf/fonts/map/pdftex/updmap/pdftex.map} <../../../manoaseal_transpa
rent.png>] [2]
LaTeX Font Info:    Trying to load font information for TS1+lmr on input line 5
7.
 (/usr/share/texmf/tex/latex/lm/ts1lmr.fd
File: ts1lmr.fd 2009/10/30 v1.6 Font defs for Latin Modern
)
<CC-BY-SA.png, id=208, 97.0827pt x 33.9669pt>
File: CC-BY-SA.png Graphic file (type png)
<use CC-BY-SA.png>
Package pdftex.def Info: CC-BY-SA.png  used on input line 77.
(pdftex.def)             Requested size: 97.08244pt x 33.96681pt.
LaTeX Font Info:    Trying to load font information for OT1+lmtt on input line 
79.

(/usr/share/texmf/tex/latex/lm/ot1lmtt.fd
File: ot1lmtt.fd 2009/10/30 v1.6 Font defs for Latin Modern
) [3 <./CC-BY-SA.png>]
(./Probability-All.toc [4])
\tf@toc=\write6
\openout6 = `Probability-All.toc'.

 [5] (./chapA.tex [6

]
Chapter A.
[7]
<dice.pdf, id=305, 258.9675pt x 86.3225pt>
File: dice.pdf Graphic file (type pdf)
<use dice.pdf>
Package pdftex.def Info: dice.pdf  used on input line 61.
(pdftex.def)             Requested size: 9.04172pt x 9.04167pt.
File: dice.pdf Graphic file (type pdf)
<use dice.pdf>
Package pdftex.def Info: dice.pdf  used on input line 61.
(pdftex.def)             Requested size: 9.04172pt x 9.04167pt.
File: dice.pdf Graphic file (type pdf)
<use dice.pdf>
Package pdftex.def Info: dice.pdf  used on input line 61.
(pdftex.def)             Requested size: 9.04172pt x 9.04167pt.
File: dice.pdf Graphic file (type pdf)
<use dice.pdf>
Package pdftex.def Info: dice.pdf  used on input line 61.
(pdftex.def)             Requested size: 9.04172pt x 9.04167pt.
File: dice.pdf Graphic file (type pdf)
<use dice.pdf>
Package pdftex.def Info: dice.pdf  used on input line 61.
(pdftex.def)             Requested size: 9.04172pt x 9.04167pt.
File: dice.pdf Graphic file (type pdf)
<use dice.pdf>
Package pdftex.def Info: dice.pdf  used on input line 61.
(pdftex.def)             Requested size: 9.04172pt x 9.04167pt.
File: dice.pdf Graphic file (type pdf)
<use dice.pdf>
Package pdftex.def Info: dice.pdf  used on input line 61.
(pdftex.def)             Requested size: 9.04172pt x 9.04167pt.
File: dice.pdf Graphic file (type pdf)
<use dice.pdf>
Package pdftex.def Info: dice.pdf  used on input line 61.
(pdftex.def)             Requested size: 9.04172pt x 9.04167pt.
File: dice.pdf Graphic file (type pdf)
<use dice.pdf>
Package pdftex.def Info: dice.pdf  used on input line 61.
(pdftex.def)             Requested size: 9.04172pt x 9.04167pt.
File: dice.pdf Graphic file (type pdf)
<use dice.pdf>
Package pdftex.def Info: dice.pdf  used on input line 61.
(pdftex.def)             Requested size: 9.04172pt x 9.04167pt.
File: dice.pdf Graphic file (type pdf)
<use dice.pdf>
Package pdftex.def Info: dice.pdf  used on input line 61.
(pdftex.def)             Requested size: 9.04172pt x 9.04167pt.
File: dice.pdf Graphic file (type pdf)
<use dice.pdf>
Package pdftex.def Info: dice.pdf  used on input line 61.
(pdftex.def)             Requested size: 9.04172pt x 9.04167pt.
File: dice.pdf Graphic file (type pdf)
<use dice.pdf>
Package pdftex.def Info: dice.pdf  used on input line 61.
(pdftex.def)             Requested size: 9.04172pt x 9.04167pt.
File: dice.pdf Graphic file (type pdf)
<use dice.pdf>
Package pdftex.def Info: dice.pdf  used on input line 61.
(pdftex.def)             Requested size: 9.04172pt x 9.04167pt.
File: dice.pdf Graphic file (type pdf)
<use dice.pdf>
Package pdftex.def Info: dice.pdf  used on input line 61.
(pdftex.def)             Requested size: 9.04172pt x 9.04167pt.
File: dice.pdf Graphic file (type pdf)
<use dice.pdf>
Package pdftex.def Info: dice.pdf  used on input line 61.
(pdftex.def)             Requested size: 9.04172pt x 9.04167pt.
File: dice.pdf Graphic file (type pdf)
<use dice.pdf>
Package pdftex.def Info: dice.pdf  used on input line 61.
(pdftex.def)             Requested size: 9.04172pt x 9.04167pt.
File: dice.pdf Graphic file (type pdf)
<use dice.pdf>
Package pdftex.def Info: dice.pdf  used on input line 61.
(pdftex.def)             Requested size: 9.04172pt x 9.04167pt.
File: dice.pdf Graphic file (type pdf)
<use dice.pdf>
Package pdftex.def Info: dice.pdf  used on input line 61.
(pdftex.def)             Requested size: 9.04172pt x 9.04167pt.
File: dice.pdf Graphic file (type pdf)
<use dice.pdf>
Package pdftex.def Info: dice.pdf  used on input line 61.
(pdftex.def)             Requested size: 9.04172pt x 9.04167pt.
File: dice.pdf Graphic file (type pdf)
<use dice.pdf>
Package pdftex.def Info: dice.pdf  used on input line 61.
(pdftex.def)             Requested size: 9.04172pt x 9.04167pt.
File: dice.pdf Graphic file (type pdf)
<use dice.pdf>
Package pdftex.def Info: dice.pdf  used on input line 61.
(pdftex.def)             Requested size: 9.04172pt x 9.04167pt.
File: dice.pdf Graphic file (type pdf)
<use dice.pdf>
Package pdftex.def Info: dice.pdf  used on input line 61.
(pdftex.def)             Requested size: 9.04172pt x 9.04167pt.
File: dice.pdf Graphic file (type pdf)
<use dice.pdf>
Package pdftex.def Info: dice.pdf  used on input line 61.
(pdftex.def)             Requested size: 9.04172pt x 9.04167pt.
File: dice.pdf Graphic file (type pdf)
<use dice.pdf>
Package pdftex.def Info: dice.pdf  used on input line 61.
(pdftex.def)             Requested size: 9.04172pt x 9.04167pt.
File: dice.pdf Graphic file (type pdf)
<use dice.pdf>
Package pdftex.def Info: dice.pdf  used on input line 61.
(pdftex.def)             Requested size: 9.04172pt x 9.04167pt.
File: dice.pdf Graphic file (type pdf)
<use dice.pdf>
Package pdftex.def Info: dice.pdf  used on input line 61.
(pdftex.def)             Requested size: 9.04172pt x 9.04167pt.
File: dice.pdf Graphic file (type pdf)
<use dice.pdf>
Package pdftex.def Info: dice.pdf  used on input line 61.
(pdftex.def)             Requested size: 9.04172pt x 9.04167pt.
File: dice.pdf Graphic file (type pdf)
<use dice.pdf>
Package pdftex.def Info: dice.pdf  used on input line 61.
(pdftex.def)             Requested size: 9.04172pt x 9.04167pt.
File: dice.pdf Graphic file (type pdf)
<use dice.pdf>
Package pdftex.def Info: dice.pdf  used on input line 61.
(pdftex.def)             Requested size: 9.04172pt x 9.04167pt.
File: dice.pdf Graphic file (type pdf)
<use dice.pdf>
Package pdftex.def Info: dice.pdf  used on input line 91.
(pdftex.def)             Requested size: 9.04172pt x 9.04167pt.
File: dice.pdf Graphic file (type pdf)
<use dice.pdf>
Package pdftex.def Info: dice.pdf  used on input line 91.
(pdftex.def)             Requested size: 9.04172pt x 9.04167pt.
File: dice.pdf Graphic file (type pdf)
<use dice.pdf>
Package pdftex.def Info: dice.pdf  used on input line 91.
(pdftex.def)             Requested size: 9.04172pt x 9.04167pt.
File: dice.pdf Graphic file (type pdf)
<use dice.pdf>
Package pdftex.def Info: dice.pdf  used on input line 91.
(pdftex.def)             Requested size: 9.04172pt x 9.04167pt.
File: dice.pdf Graphic file (type pdf)
<use dice.pdf>
Package pdftex.def Info: dice.pdf  used on input line 91.
(pdftex.def)             Requested size: 9.04172pt x 9.04167pt.
File: dice.pdf Graphic file (type pdf)
<use dice.pdf>
Package pdftex.def Info: dice.pdf  used on input line 91.
(pdftex.def)             Requested size: 9.04172pt x 9.04167pt.
File: dice.pdf Graphic file (type pdf)
<use dice.pdf>
Package pdftex.def Info: dice.pdf  used on input line 91.
(pdftex.def)             Requested size: 9.04172pt x 9.04167pt.
File: dice.pdf Graphic file (type pdf)
<use dice.pdf>
Package pdftex.def Info: dice.pdf  used on input line 91.
(pdftex.def)             Requested size: 9.04172pt x 9.04167pt.
File: dice.pdf Graphic file (type pdf)
<use dice.pdf>
Package pdftex.def Info: dice.pdf  used on input line 91.
(pdftex.def)             Requested size: 9.04172pt x 9.04167pt.
File: dice.pdf Graphic file (type pdf)
<use dice.pdf>
Package pdftex.def Info: dice.pdf  used on input line 91.
(pdftex.def)             Requested size: 9.04172pt x 9.04167pt.
File: dice.pdf Graphic file (type pdf)
<use dice.pdf>
Package pdftex.def Info: dice.pdf  used on input line 91.
(pdftex.def)             Requested size: 9.04172pt x 9.04167pt.
File: dice.pdf Graphic file (type pdf)
<use dice.pdf>
Package pdftex.def Info: dice.pdf  used on input line 91.
(pdftex.def)             Requested size: 9.04172pt x 9.04167pt.
 [8 </usr/share/texlive/texmf-dist/tex/latex/epsdice/dice.pdf>]
LaTeX Font Info:    External font `lmex10' loaded for size
(Font)              <10> on input line 105.
LaTeX Font Info:    External font `lmex10' loaded for size
(Font)              <7> on input line 105.
LaTeX Font Info:    External font `lmex10' loaded for size
(Font)              <5> on input line 105.
 [9] [10]
Overfull \hbox (0.82257pt too wide) detected at line 230
[]
 []

[11] [12] [13] Excluding 'comment' comment.) (./chapB.tex [14]
Chapter B.
File: dice.pdf Graphic file (type pdf)
<use dice.pdf>
Package pdftex.def Info: dice.pdf  used on input line 22.
(pdftex.def)             Requested size: 9.04172pt x 9.04167pt.
File: dice.pdf Graphic file (type pdf)
<use dice.pdf>
Package pdftex.def Info: dice.pdf  used on input line 22.
(pdftex.def)             Requested size: 9.04172pt x 9.04167pt.
File: dice.pdf Graphic file (type pdf)
<use dice.pdf>
Package pdftex.def Info: dice.pdf  used on input line 22.
(pdftex.def)             Requested size: 9.04172pt x 9.04167pt.
File: dice.pdf Graphic file (type pdf)
<use dice.pdf>
Package pdftex.def Info: dice.pdf  used on input line 22.
(pdftex.def)             Requested size: 9.04172pt x 9.04167pt.
File: dice.pdf Graphic file (type pdf)
<use dice.pdf>
Package pdftex.def Info: dice.pdf  used on input line 22.
(pdftex.def)             Requested size: 9.04172pt x 9.04167pt.
File: dice.pdf Graphic file (type pdf)
<use dice.pdf>
Package pdftex.def Info: dice.pdf  used on input line 22.
(pdftex.def)             Requested size: 9.04172pt x 9.04167pt.
File: dice.pdf Graphic file (type pdf)
<use dice.pdf>
Package pdftex.def Info: dice.pdf  used on input line 22.
(pdftex.def)             Requested size: 9.04172pt x 9.04167pt.
File: dice.pdf Graphic file (type pdf)
<use dice.pdf>
Package pdftex.def Info: dice.pdf  used on input line 22.
(pdftex.def)             Requested size: 9.04172pt x 9.04167pt.
File: dice.pdf Graphic file (type pdf)
<use dice.pdf>
Package pdftex.def Info: dice.pdf  used on input line 22.
(pdftex.def)             Requested size: 9.04172pt x 9.04167pt.
File: dice.pdf Graphic file (type pdf)
<use dice.pdf>
Package pdftex.def Info: dice.pdf  used on input line 22.
(pdftex.def)             Requested size: 9.04172pt x 9.04167pt.
File: dice.pdf Graphic file (type pdf)
<use dice.pdf>
Package pdftex.def Info: dice.pdf  used on input line 22.
(pdftex.def)             Requested size: 9.04172pt x 9.04167pt.
File: dice.pdf Graphic file (type pdf)
<use dice.pdf>
Package pdftex.def Info: dice.pdf  used on input line 22.
(pdftex.def)             Requested size: 9.04172pt x 9.04167pt.
File: dice.pdf Graphic file (type pdf)
<use dice.pdf>
Package pdftex.def Info: dice.pdf  used on input line 22.
(pdftex.def)             Requested size: 9.04172pt x 9.04167pt.
File: dice.pdf Graphic file (type pdf)
<use dice.pdf>
Package pdftex.def Info: dice.pdf  used on input line 22.
(pdftex.def)             Requested size: 9.04172pt x 9.04167pt.
File: dice.pdf Graphic file (type pdf)
<use dice.pdf>
Package pdftex.def Info: dice.pdf  used on input line 22.
(pdftex.def)             Requested size: 9.04172pt x 9.04167pt.
File: dice.pdf Graphic file (type pdf)
<use dice.pdf>
Package pdftex.def Info: dice.pdf  used on input line 22.
(pdftex.def)             Requested size: 9.04172pt x 9.04167pt.
File: dice.pdf Graphic file (type pdf)
<use dice.pdf>
Package pdftex.def Info: dice.pdf  used on input line 22.
(pdftex.def)             Requested size: 9.04172pt x 9.04167pt.
File: dice.pdf Graphic file (type pdf)
<use dice.pdf>
Package pdftex.def Info: dice.pdf  used on input line 22.
(pdftex.def)             Requested size: 9.04172pt x 9.04167pt.
File: dice.pdf Graphic file (type pdf)
<use dice.pdf>
Package pdftex.def Info: dice.pdf  used on input line 22.
(pdftex.def)             Requested size: 9.04172pt x 9.04167pt.
File: dice.pdf Graphic file (type pdf)
<use dice.pdf>
Package pdftex.def Info: dice.pdf  used on input line 22.
(pdftex.def)             Requested size: 9.04172pt x 9.04167pt.
File: dice.pdf Graphic file (type pdf)
<use dice.pdf>
Package pdftex.def Info: dice.pdf  used on input line 22.
(pdftex.def)             Requested size: 9.04172pt x 9.04167pt.
File: dice.pdf Graphic file (type pdf)
<use dice.pdf>
Package pdftex.def Info: dice.pdf  used on input line 22.
(pdftex.def)             Requested size: 9.04172pt x 9.04167pt.
File: dice.pdf Graphic file (type pdf)
<use dice.pdf>
Package pdftex.def Info: dice.pdf  used on input line 22.
(pdftex.def)             Requested size: 9.04172pt x 9.04167pt.
File: dice.pdf Graphic file (type pdf)
<use dice.pdf>
Package pdftex.def Info: dice.pdf  used on input line 22.
(pdftex.def)             Requested size: 9.04172pt x 9.04167pt.
File: dice.pdf Graphic file (type pdf)
<use dice.pdf>
Package pdftex.def Info: dice.pdf  used on input line 22.
(pdftex.def)             Requested size: 9.04172pt x 9.04167pt.
File: dice.pdf Graphic file (type pdf)
<use dice.pdf>
Package pdftex.def Info: dice.pdf  used on input line 22.
(pdftex.def)             Requested size: 9.04172pt x 9.04167pt.
File: dice.pdf Graphic file (type pdf)
<use dice.pdf>
Package pdftex.def Info: dice.pdf  used on input line 22.
(pdftex.def)             Requested size: 9.04172pt x 9.04167pt.
File: dice.pdf Graphic file (type pdf)
<use dice.pdf>
Package pdftex.def Info: dice.pdf  used on input line 22.
(pdftex.def)             Requested size: 9.04172pt x 9.04167pt.
File: dice.pdf Graphic file (type pdf)
<use dice.pdf>
Package pdftex.def Info: dice.pdf  used on input line 22.
(pdftex.def)             Requested size: 9.04172pt x 9.04167pt.
File: dice.pdf Graphic file (type pdf)
<use dice.pdf>
Package pdftex.def Info: dice.pdf  used on input line 22.
(pdftex.def)             Requested size: 9.04172pt x 9.04167pt.
File: dice.pdf Graphic file (type pdf)
<use dice.pdf>
Package pdftex.def Info: dice.pdf  used on input line 22.
(pdftex.def)             Requested size: 9.04172pt x 9.04167pt.
File: dice.pdf Graphic file (type pdf)
<use dice.pdf>
Package pdftex.def Info: dice.pdf  used on input line 22.
(pdftex.def)             Requested size: 9.04172pt x 9.04167pt.
File: dice.pdf Graphic file (type pdf)
<use dice.pdf>
Package pdftex.def Info: dice.pdf  used on input line 22.
(pdftex.def)             Requested size: 9.04172pt x 9.04167pt.
File: dice.pdf Graphic file (type pdf)
<use dice.pdf>
Package pdftex.def Info: dice.pdf  used on input line 22.
(pdftex.def)             Requested size: 9.04172pt x 9.04167pt.
File: dice.pdf Graphic file (type pdf)
<use dice.pdf>
Package pdftex.def Info: dice.pdf  used on input line 22.
(pdftex.def)             Requested size: 9.04172pt x 9.04167pt.
File: dice.pdf Graphic file (type pdf)
<use dice.pdf>
Package pdftex.def Info: dice.pdf  used on input line 22.
(pdftex.def)             Requested size: 9.04172pt x 9.04167pt.
File: dice.pdf Graphic file (type pdf)
<use dice.pdf>
Package pdftex.def Info: dice.pdf  used on input line 22.
(pdftex.def)             Requested size: 9.04172pt x 9.04167pt.
File: dice.pdf Graphic file (type pdf)
<use dice.pdf>
Package pdftex.def Info: dice.pdf  used on input line 22.
(pdftex.def)             Requested size: 9.04172pt x 9.04167pt.
File: dice.pdf Graphic file (type pdf)
<use dice.pdf>
Package pdftex.def Info: dice.pdf  used on input line 22.
(pdftex.def)             Requested size: 9.04172pt x 9.04167pt.
File: dice.pdf Graphic file (type pdf)
<use dice.pdf>
Package pdftex.def Info: dice.pdf  used on input line 22.
(pdftex.def)             Requested size: 9.04172pt x 9.04167pt.
File: dice.pdf Graphic file (type pdf)
<use dice.pdf>
Package pdftex.def Info: dice.pdf  used on input line 22.
(pdftex.def)             Requested size: 9.04172pt x 9.04167pt.
File: dice.pdf Graphic file (type pdf)
<use dice.pdf>
Package pdftex.def Info: dice.pdf  used on input line 22.
(pdftex.def)             Requested size: 9.04172pt x 9.04167pt.
File: dice.pdf Graphic file (type pdf)
<use dice.pdf>
Package pdftex.def Info: dice.pdf  used on input line 22.
(pdftex.def)             Requested size: 9.04172pt x 9.04167pt.
File: dice.pdf Graphic file (type pdf)
<use dice.pdf>
Package pdftex.def Info: dice.pdf  used on input line 22.
(pdftex.def)             Requested size: 9.04172pt x 9.04167pt.
File: dice.pdf Graphic file (type pdf)
<use dice.pdf>
Package pdftex.def Info: dice.pdf  used on input line 22.
(pdftex.def)             Requested size: 9.04172pt x 9.04167pt.
File: dice.pdf Graphic file (type pdf)
<use dice.pdf>
Package pdftex.def Info: dice.pdf  used on input line 22.
(pdftex.def)             Requested size: 9.04172pt x 9.04167pt.
File: dice.pdf Graphic file (type pdf)
<use dice.pdf>
Package pdftex.def Info: dice.pdf  used on input line 22.
(pdftex.def)             Requested size: 9.04172pt x 9.04167pt.
File: dice.pdf Graphic file (type pdf)
<use dice.pdf>
Package pdftex.def Info: dice.pdf  used on input line 22.
(pdftex.def)             Requested size: 9.04172pt x 9.04167pt.
File: dice.pdf Graphic file (type pdf)
<use dice.pdf>
Package pdftex.def Info: dice.pdf  used on input line 22.
(pdftex.def)             Requested size: 9.04172pt x 9.04167pt.
File: dice.pdf Graphic file (type pdf)
<use dice.pdf>
Package pdftex.def Info: dice.pdf  used on input line 22.
(pdftex.def)             Requested size: 9.04172pt x 9.04167pt.
[15

] [16] [17]
Overfull \hbox (1.18022pt too wide) in paragraph at lines 161--162
\OT1/lmr/m/n/12 a bril-liant woman, Mar-i-lyn Vos Sa-vant. The fol-low-ing web-
site [][]$\OT1/lmtt/m/n/12 https : / / www . statisticshowto .
 []


Overfull \hbox (1.64359pt too wide) in paragraph at lines 161--162
\OT1/lmtt/m/n/12 com / probability-[]and-[]statistics / monty-[]hall-[]problem 
/ #Bayes$[][] \OT1/lmr/m/n/12 ex-plains clearly the his-tory
 []

[18] [19] [20] [21] Excluding 'comment' comment.) (./chapC.tex [22]
Chapter C.
[23

] [24]
Overfull \hbox (6.83215pt too wide) in paragraph at lines 122--122
[][][][]  \OT1/lmr/m/n/12 Let $\OML/lmm/m/it/12 T \OT1/lmr/m/n/12 = \OMS/lmsy/m
/n/12 f\OML/lmm/m/it/12 t[]; t[]; [] ; t[]\OMS/lmsy/m/n/12 g$ \OT1/lmr/m/n/12 b
e a set of dis-tinct real num-bers and let $\OMS/lmsy/m/n/12 f\OML/lmm/m/it/12 
^^Y[]; ^^Y[]; [] ; ^^Y[]\OMS/lmsy/m/n/12 g$
 []

[25] [26]
File: dice.pdf Graphic file (type pdf)
<use dice.pdf>
Package pdftex.def Info: dice.pdf  used on input line 230.
(pdftex.def)             Requested size: 9.04172pt x 9.04167pt.
File: dice.pdf Graphic file (type pdf)
<use dice.pdf>
Package pdftex.def Info: dice.pdf  used on input line 230.
(pdftex.def)             Requested size: 9.04172pt x 9.04167pt.
File: dice.pdf Graphic file (type pdf)
<use dice.pdf>
Package pdftex.def Info: dice.pdf  used on input line 230.
(pdftex.def)             Requested size: 9.04172pt x 9.04167pt.
File: dice.pdf Graphic file (type pdf)
<use dice.pdf>
Package pdftex.def Info: dice.pdf  used on input line 230.
(pdftex.def)             Requested size: 9.04172pt x 9.04167pt.
File: dice.pdf Graphic file (type pdf)
<use dice.pdf>
Package pdftex.def Info: dice.pdf  used on input line 230.
(pdftex.def)             Requested size: 9.04172pt x 9.04167pt.
File: dice.pdf Graphic file (type pdf)
<use dice.pdf>
Package pdftex.def Info: dice.pdf  used on input line 230.
(pdftex.def)             Requested size: 9.04172pt x 9.04167pt.
File: dice.pdf Graphic file (type pdf)
<use dice.pdf>
Package pdftex.def Info: dice.pdf  used on input line 230.
(pdftex.def)             Requested size: 9.04172pt x 9.04167pt.
File: dice.pdf Graphic file (type pdf)
<use dice.pdf>
Package pdftex.def Info: dice.pdf  used on input line 230.
(pdftex.def)             Requested size: 9.04172pt x 9.04167pt.
File: dice.pdf Graphic file (type pdf)
<use dice.pdf>
Package pdftex.def Info: dice.pdf  used on input line 230.
(pdftex.def)             Requested size: 9.04172pt x 9.04167pt.
File: dice.pdf Graphic file (type pdf)
<use dice.pdf>
Package pdftex.def Info: dice.pdf  used on input line 230.
(pdftex.def)             Requested size: 9.04172pt x 9.04167pt.
File: dice.pdf Graphic file (type pdf)
<use dice.pdf>
Package pdftex.def Info: dice.pdf  used on input line 230.
(pdftex.def)             Requested size: 9.04172pt x 9.04167pt.
File: dice.pdf Graphic file (type pdf)
<use dice.pdf>
Package pdftex.def Info: dice.pdf  used on input line 230.
(pdftex.def)             Requested size: 9.04172pt x 9.04167pt.
 [27] [28] [29] [30] [31] Excluding 'comment' comment.) (./chapD.tex
[32] [33] [34

]
Chapter D.

LaTeX Warning: Reference `P:EquivalentEvents' on page 35 undefined on input lin
e 29.


LaTeX Warning: Reference `P:EquivalentEvents' on page 35 undefined on input lin
e 35.

[35]
<distributionFunction-Example.png, id=817, 1204.5pt x 803.0pt>
File: distributionFunction-Example.png Graphic file (type png)
<use distributionFunction-Example.png>
Package pdftex.def Info: distributionFunction-Example.png  used on input line 5
9.
(pdftex.def)             Requested size: 361.35278pt x 240.90186pt.
 [36 <./distributionFunction-Example.png>] [37] [38] [39] [40] [41]
[42] [43] Excluding 'comment' comment.) (./chapE.tex [44]
Chapter E.
File: dice.pdf Graphic file (type pdf)
<use dice.pdf>
Package pdftex.def Info: dice.pdf  used on input line 16.
(pdftex.def)             Requested size: 9.04172pt x 9.04167pt.
File: dice.pdf Graphic file (type pdf)
<use dice.pdf>
Package pdftex.def Info: dice.pdf  used on input line 16.
(pdftex.def)             Requested size: 9.04172pt x 9.04167pt.
File: dice.pdf Graphic file (type pdf)
<use dice.pdf>
Package pdftex.def Info: dice.pdf  used on input line 16.
(pdftex.def)             Requested size: 9.04172pt x 9.04167pt.
File: dice.pdf Graphic file (type pdf)
<use dice.pdf>
Package pdftex.def Info: dice.pdf  used on input line 16.
(pdftex.def)             Requested size: 9.04172pt x 9.04167pt.
File: dice.pdf Graphic file (type pdf)
<use dice.pdf>
Package pdftex.def Info: dice.pdf  used on input line 16.
(pdftex.def)             Requested size: 9.04172pt x 9.04167pt.
File: dice.pdf Graphic file (type pdf)
<use dice.pdf>
Package pdftex.def Info: dice.pdf  used on input line 16.
(pdftex.def)             Requested size: 9.04172pt x 9.04167pt.
[45

] [46]
<JointDistributionChapE.png, id=944, 819.06pt x 670.505pt>
File: JointDistributionChapE.png Graphic file (type png)
<use JointDistributionChapE.png>
Package pdftex.def Info: JointDistributionChapE.png  used on input line 180.
(pdftex.def)             Requested size: 163.8091pt x 134.09862pt.
 [47 <./JointDistributionChapE.png>] [48]
<MarginalIndependenceGraphChapE.png, id=966, 839.135pt x 623.32875pt>
File: MarginalIndependenceGraphChapE.png Graphic file (type png)
<use MarginalIndependenceGraphChapE.png>
Package pdftex.def Info: MarginalIndependenceGraphChapE.png  used on input line
 249.
(pdftex.def)             Requested size: 167.82402pt x 124.66353pt.
 [49 <./MarginalIndependenceGraphChapE.png>] [50] [51] [52] [53] [54] Excluding
 'comment' comment.)
(./chapF.tex [55] [56

]
Chapter F.
[57] [58] Excluding 'comment' comment.) (./chapG.tex [59] [60

]
Chapter G.
[61] [62] [63]
Overfull \hbox (1.11853pt too wide) detected at line 174
\OML/lmm/m/it/12 P [] \U/msa/m/n/12 ' \OML/lmm/m/it/12 P\OT1/lmr/m/n/12 (\OMS/l
msy/m/n/12 j\OML/lmm/m/it/12 Z\OMS/lmsy/m/n/12 j ^^T \OT1/lmr/m/n/12 0\OML/lmm/
m/it/12 :\OT1/lmr/m/n/12 005[]) = \OML/lmm/m/it/12 P\OT1/lmr/m/n/12 (\OML/lmm/m
/it/12 Z \OMS/lmsy/m/n/12 ^^T \OT1/lmr/m/n/12 0\OML/lmm/m/it/12 :\OT1/lmr/m/n/1
2 005[]) \OMS/lmsy/m/n/12 ^^@ \OML/lmm/m/it/12 P\OT1/lmr/m/n/12 (\OML/lmm/m/it/
12 Z \OMS/lmsy/m/n/12 ^^T ^^@\OT1/lmr/m/n/12 0\OML/lmm/m/it/12 :\OT1/lmr/m/n/12
 005[])\OML/lmm/m/it/12 :
 []

Excluding 'comment' comment.) [64] (./appendix-logic.tex
Appendix L.
[65

] [66] [67] [68] [69] Excluding 'comment' comment.)
(./appendix-IntroSetTheory.tex [70]
Appendix S.
<union.png, id=1149, 939.51pt x 636.3775pt>
File: union.png Graphic file (type png)
<use union.png>
Package pdftex.def Info: union.png  used on input line 44.
(pdftex.def)             Requested size: 187.89867pt x 127.27324pt.
<intersection.png, id=1150, 939.51pt x 636.3775pt>
File: intersection.png Graphic file (type png)
<use intersection.png>
Package pdftex.def Info: intersection.png  used on input line 54.
(pdftex.def)             Requested size: 187.89867pt x 127.27324pt.
[71

]
<complement.png, id=1160, 939.51pt x 636.3775pt>
File: complement.png Graphic file (type png)
<use complement.png>
Package pdftex.def Info: complement.png  used on input line 83.
(pdftex.def)             Requested size: 206.69284pt x 140.00348pt.

Overfull \hbox (6.25394pt too wide) in paragraph at lines 86--87
 [][] 
 []

<difference.png, id=1161, 909.3975pt x 608.2725pt>
File: difference.png Graphic file (type png)
<use difference.png>
Package pdftex.def Info: difference.png  used on input line 93.
(pdftex.def)             Requested size: 204.61949pt x 136.86469pt.

Overfull \hbox (5.21725pt too wide) in paragraph at lines 97--98
 [][] 
 []

[72 <./union.png> <./intersection.png> <./complement.png> <./difference.png>]
[73] Excluding 'comment' comment.) [74] (./Probability-All.aux)

LaTeX Warning: There were undefined references.

Package rerunfilecheck Info: File `Probability-All.out' has not changed.
(rerunfilecheck)             Checksum: 2E4E356EAF85A4FBB7E2D666EB4C67F0;8183.
 ) 
Here is how much of TeX's memory you used:
 27868 strings out of 478287
 517222 string characters out of 5849289
 803534 words of memory out of 5000000
 45054 multiletter control sequences out of 15000+600000
 531763 words of font info for 78 fonts, out of 8000000 for 9000
 1141 hyphenation exceptions out of 8191
 89i,16n,92p,1370b,840s stack positions out of 5000i,500n,10000p,200000b,80000s
{/usr/share/texmf/fonts/enc/dvips/lm/lm-rmtt.enc}{/usr/share/texmf/fonts/enc/
dvips/lm/lm-mathit.enc}{/usr/share/texmf/fonts/enc/dvips/lm/lm-mathsy.enc}{/usr
/share/texmf/fonts/enc/dvips/lm/lm-rm.enc}{/usr/share/texmf/fonts/enc/dvips/lm/
lm-mathex.enc}{/usr/share/texmf/fonts/enc/dvips/lm/lm-ts1.enc}{/usr/share/texmf
/fonts/enc/dvips/lm/lm-rmsc.enc}</usr/share/texmf/fonts/type1/public/lm/lmbx12.
pfb></usr/share/texmf/fonts/type1/public/lm/lmcsc10.pfb></usr/share/texmf/fonts
/type1/public/lm/lmex10.pfb></usr/share/texmf/fonts/type1/public/lm/lmmi10.pfb>
</usr/share/texmf/fonts/type1/public/lm/lmmi12.pfb></usr/share/texmf/fonts/type
1/public/lm/lmmi6.pfb></usr/share/texmf/fonts/type1/public/lm/lmmi7.pfb></usr/s
hare/texmf/fonts/type1/public/lm/lmmi8.pfb></usr/share/texmf/fonts/type1/public
/lm/lmr10.pfb></usr/share/texmf/fonts/type1/public/lm/lmr12.pfb></usr/share/tex
mf/fonts/type1/public/lm/lmr6.pfb></usr/share/texmf/fonts/type1/public/lm/lmr7.
pfb></usr/share/texmf/fonts/type1/public/lm/lmr8.pfb></usr/share/texmf/fonts/ty
pe1/public/lm/lmri12.pfb></usr/share/texmf/fonts/type1/public/lm/lmsy10.pfb></u
sr/share/texmf/fonts/type1/public/lm/lmsy6.pfb></usr/share/texmf/fonts/type1/pu
blic/lm/lmsy7.pfb></usr/share/texmf/fonts/type1/public/lm/lmsy8.pfb></usr/share
/texmf/fonts/type1/public/lm/lmtt10.pfb></usr/share/texmf/fonts/type1/public/lm
/lmtt12.pfb></usr/share/texlive/texmf-dist/fonts/type1/public/amsfonts/symbols/
msam10.pfb></usr/share/texlive/texmf-dist/fonts/type1/public/amsfonts/symbols/m
sbm10.pfb>
Output written on Probability-All.pdf (74 pages, 1136309 bytes).
PDF statistics:
 1401 PDF objects out of 1440 (max. 8388607)
 1141 compressed objects within 12 object streams
 480 named destinations out of 1000 (max. 500000)
 1099 words of extra memory for PDF output out of 10000 (max. 10000000)

